[0321/164339.399:ERROR:process_memory_win.cc(73)] ReadMemory at 0x7ff6893c0000 of 64 bytes failed: Only part of a ReadProcessMemory or WriteProcessMemory request was completed. (0x12B)
[0321/164339.400:WARNING:pe_image_reader.cc(340)] could not read dos header from C:\Program Files (x86)\Google\Chrome\Application\chrome.exe
[0321/164339.400:ERROR:process_memory_win.cc(73)] ReadMemory at 0x7ffb492a0000 of 64 bytes failed: Only part of a ReadProcessMemory or WriteProcessMemory request was completed. (0x12B)
[0321/164339.400:WARNING:pe_image_reader.cc(340)] could not read dos header from C:\WINDOWS\SYSTEM32\ntdll.dll
[0321/164339.400:ERROR:process_memory_win.cc(73)] ReadMemory at 0x7ffb48bb0000 of 64 bytes failed: Only part of a ReadProcessMemory or WriteProcessMemory request was completed. (0x12B)
[0321/164339.427:WARNING:pe_image_reader.cc(340)] could not read dos header from C:\WINDOWS\System32\KERNEL32.DLL
[0321/164339.427:ERROR:process_memory_win.cc(73)] ReadMemory at 0x7ffb46d30000 of 64 bytes failed: Only part of a ReadProcessMemory or WriteProcessMemory request was completed. (0x12B)
[0321/164339.427:WARNING:pe_image_reader.cc(340)] could not read dos header from C:\WINDOWS\System32\KERNELBASE.dll
[0321/164339.427:ERROR:process_memory_win.cc(73)] ReadMemory at 0x7ffb104d0000 of 64 bytes failed: Only part of a ReadProcessMemory or WriteProcessMemory request was completed. (0x12B)
[0321/164339.427:WARNING:pe_image_reader.cc(340)] could not read dos header from C:\Program Files (x86)\Google\Chrome\Application\80.0.3987.149\chrome_elf.dll
[0321/164339.427:ERROR:process_memory_win.cc(73)] ReadMemory at 0x7ffb333e0000 of 64 bytes failed: Only part of a ReadProcessMemory or WriteProcessMemory request was completed. (0x12B)
[0321/164339.427:WARNING:pe_image_reader.cc(340)] could not read dos header from C:\WINDOWS\SYSTEM32\VERSION.dll
[0321/164339.427:ERROR:process_memory_win.cc(73)] ReadMemory at 0x7ffb48a60000 of 64 bytes failed: Only part of a ReadProcessMemory or WriteProcessMemory request was completed. (0x12B)
[0321/164339.427:WARNING:pe_image_reader.cc(340)] could not read dos header from C:\WINDOWS\System32\msvcrt.dll
[0321/164339.427:ERROR:process_memory_win.cc(73)] ReadMemory at 0x7ffb46260000 of 64 bytes failed: Only part of a ReadProcessMemory or WriteProcessMemory request was completed. (0x12B)
[0321/164339.427:WARNING:pe_image_reader.cc(340)] could not read dos header from C:\WINDOWS\System32\bcryptPrimitives.dll
[0321/164339.428:ERROR:process_memory_win.cc(73)] ReadMemory at 0x7ffb48670000 of 64 bytes failed: Only part of a ReadProcessMemory or WriteProcessMemory request was completed. (0x12B)
[0321/164339.428:WARNING:pe_image_reader.cc(340)] could not read dos header from C:\WINDOWS\System32\ADVAPI32.dll
[0321/164339.428:ERROR:process_memory_win.cc(73)] ReadMemory at 0x7ffb48b00000 of 64 bytes failed: Only part of a ReadProcessMemory or WriteProcessMemory request was completed. (0x12B)
[0321/164339.428:WARNING:pe_image_reader.cc(340)] could not read dos header from C:\WINDOWS\System32\sechost.dll
[0321/164339.428:ERROR:process_memory_win.cc(73)] ReadMemory at 0x7ffb47a40000 of 64 bytes failed: Only part of a ReadProcessMemory or WriteProcessMemory request was completed. (0x12B)
[0321/164339.428:WARNING:pe_image_reader.cc(340)] could not read dos header from C:\WINDOWS\System32\RPCRT4.dll
[0321/164339.428:ERROR:process_memory_win.cc(73)] ReadMemory at 0x7ffb089c0000 of 64 bytes failed: Only part of a ReadProcessMemory or WriteProcessMemory request was completed. (0x12B)
[0321/164339.428:WARNING:pe_image_reader.cc(340)] could not read dos header from C:\Program Files (x86)\Google\Chrome\Application\80.0.3987.149\chrome.dll
[0321/164339.428:ERROR:process_memory_win.cc(73)] ReadMemory at 0x7ffb491f0000 of 64 bytes failed: Only part of a ReadProcessMemory or WriteProcessMemory request was completed. (0x12B)
[0321/164339.428:WARNING:pe_image_reader.cc(340)] could not read dos header from C:\WINDOWS\System32\WS2_32.dll
[0321/164339.428:ERROR:process_memory_win.cc(73)] ReadMemory at 0x7ffb490b0000 of 64 bytes failed: Only part of a ReadProcessMemory or WriteProcessMemory request was completed. (0x12B)
[0321/164339.428:WARNING:pe_image_reader.cc(340)] could not read dos header from C:\WINDOWS\System32\OLEAUT32.dll
[0321/164339.428:ERROR:process_memory_win.cc(73)] ReadMemory at 0x7ffb472b0000 of 64 bytes failed: Only part of a ReadProcessMemory or WriteProcessMemory request was completed. (0x12B)
[0321/164339.428:WARNING:pe_image_reader.cc(340)] could not read dos header from C:\WINDOWS\System32\msvcp_win.dll
[0321/164339.428:ERROR:process_memory_win.cc(73)] ReadMemory at 0x7ffb46be0000 of 64 bytes failed: Only part of a ReadProcessMemory or WriteProcessMemory request was completed. (0x12B)
[0321/164339.428:WARNING:pe_image_reader.cc(340)] could not read dos header from C:\WINDOWS\System32\ucrtbase.dll
[0321/164339.428:ERROR:process_memory_win.cc(73)] ReadMemory at 0x7ffb48720000 of 64 bytes failed: Only part of a ReadProcessMemory or WriteProcessMemory request was completed. (0x12B)
[0321/164339.428:WARNING:pe_image_reader.cc(340)] could not read dos header from C:\WINDOWS\System32\combase.dll
[0321/164339.428:ERROR:process_memory_win.cc(73)] ReadMemory at 0x7ffb46fe0000 of 64 bytes failed: Only part of a ReadProcessMemory or WriteProcessMemory request was completed. (0x12B)
[0321/164339.428:WARNING:pe_image_reader.cc(340)] could not read dos header from C:\WINDOWS\System32\WINTRUST.dll
[0321/164339.429:ERROR:process_memory_win.cc(73)] ReadMemory at 0x7ffb461c0000 of 64 bytes failed: Only part of a ReadProcessMemory or WriteProcessMemory request was completed. (0x12B)
[0321/164339.429:WARNING:pe_image_reader.cc(340)] could not read dos header from C:\WINDOWS\System32\MSASN1.dll
[0321/164339.429:ERROR:process_memory_win.cc(73)] ReadMemory at 0x7ffb462e0000 of 64 bytes failed: Only part of a ReadProcessMemory or WriteProcessMemory request was completed. (0x12B)
[0321/164339.429:WARNING:pe_image_reader.cc(340)] could not read dos header from C:\WINDOWS\System32\CRYPT32.dll
[0321/164339.429:ERROR:process_memory_win.cc(73)] ReadMemory at 0x7ffb45680000 of 64 bytes failed: Only part of a ReadProcessMemory or WriteProcessMemory request was completed. (0x12B)
[0321/164339.429:WARNING:pe_image_reader.cc(340)] could not read dos header from C:\WINDOWS\SYSTEM32\IPHLPAPI.DLL
[0321/164339.429:ERROR:process_memory_win.cc(73)] ReadMemory at 0x7ffb43140000 of 64 bytes failed: Only part of a ReadProcessMemory or WriteProcessMemory request was completed. (0x12B)
[0321/164339.429:WARNING:pe_image_reader.cc(340)] could not read dos header from C:\WINDOWS\SYSTEM32\WINMM.dll
[0321/164339.429:ERROR:process_memory_win.cc(73)] ReadMemory at 0x7ffb350e0000 of 64 bytes failed: Only part of a ReadProcessMemory or WriteProcessMemory request was completed. (0x12B)
[0321/164339.429:WARNING:pe_image_reader.cc(340)] could not read dos header from C:\WINDOWS\SYSTEM32\Secur32.dll
[0321/164339.429:ERROR:process_memory_win.cc(73)] ReadMemory at 0x7ffb46080000 of 64 bytes failed: Only part of a ReadProcessMemory or WriteProcessMemory request was completed. (0x12B)
[0321/164339.429:WARNING:pe_image_reader.cc(340)] could not read dos header from C:\WINDOWS\SYSTEM32\USERENV.dll
[0321/164339.429:ERROR:process_memory_win.cc(73)] ReadMemory at 0x7ffb46190000 of 64 bytes failed: Only part of a ReadProcessMemory or WriteProcessMemory request was completed. (0x12B)
[0321/164339.429:WARNING:pe_image_reader.cc(340)] could not read dos header from C:\WINDOWS\System32\profapi.dll
[0321/164339.429:ERROR:process_memory_win.cc(73)] ReadMemory at 0x7ffb22f50000 of 64 bytes failed: Only part of a ReadProcessMemory or WriteProcessMemory request was completed. (0x12B)
[0321/164339.429:WARNING:pe_image_reader.cc(340)] could not read dos header from C:\WINDOWS\SYSTEM32\UIAutomationCore.DLL
[0321/164339.429:ERROR:process_memory_win.cc(73)] ReadMemory at 0x7ffb35cd0000 of 64 bytes failed: Only part of a ReadProcessMemory or WriteProcessMemory request was completed. (0x12B)
[0321/164339.429:WARNING:pe_image_reader.cc(340)] could not read dos header from C:\WINDOWS\SYSTEM32\DWrite.dll
[0321/164339.429:ERROR:process_memory_win.cc(73)] ReadMemory at 0x7ffb3df70000 of 64 bytes failed: Only part of a ReadProcessMemory or WriteProcessMemory request was completed. (0x12B)
[0321/164339.429:WARNING:pe_image_reader.cc(340)] could not read dos header from C:\WINDOWS\SYSTEM32\WINSPOOL.DRV
[0321/164339.429:ERROR:process_memory_win.cc(73)] ReadMemory at 0x7ffb46170000 of 64 bytes failed: Only part of a ReadProcessMemory or WriteProcessMemory request was completed. (0x12B)
[0321/164339.429:WARNING:pe_image_reader.cc(340)] could not read dos header from C:\WINDOWS\System32\kernel.appcore.dll
[0321/164339.430:ERROR:process_memory_win.cc(73)] ReadMemory at 0x7ffb46230000 of 64 bytes failed: Only part of a ReadProcessMemory or WriteProcessMemory request was completed. (0x12B)
[0321/164339.430:WARNING:pe_image_reader.cc(340)] could not read dos header from C:\WINDOWS\System32\bcrypt.dll
[0321/164339.430:ERROR:process_memory_win.cc(73)] ReadMemory at 0x7ffb41f40000 of 64 bytes failed: Only part of a ReadProcessMemory or WriteProcessMemory request was completed. (0x12B)
[0321/164339.430:WARNING:pe_image_reader.cc(340)] could not read dos header from C:\WINDOWS\SYSTEM32\dbghelp.dll
[0321/164339.430:ERROR:process_memory_win.cc(73)] ReadMemory at 0x7ffb3e200000 of 64 bytes failed: Only part of a ReadProcessMemory or WriteProcessMemory request was completed. (0x12B)
[0321/164339.430:WARNING:pe_image_reader.cc(340)] could not read dos header from C:\WINDOWS\SYSTEM32\WINHTTP.dll
[0321/164339.430:ERROR:process_memory_win.cc(73)] ReadMemory at 0x7ffb3fed0000 of 64 bytes failed: Only part of a ReadProcessMemory or WriteProcessMemory request was completed. (0x12B)
[0321/164339.430:WARNING:pe_image_reader.cc(340)] could not read dos header from C:\WINDOWS\SYSTEM32\dhcpcsvc.DLL
[0321/164339.430:ERROR:process_memory_win.cc(73)] ReadMemory at 0x7ffb47b60000 of 64 bytes failed: Only part of a ReadProcessMemory or WriteProcessMemory request was completed. (0x12B)
[0321/164339.430:WARNING:pe_image_reader.cc(340)] could not read dos header from C:\WINDOWS\System32\NSI.dll
[0321/164339.430:ERROR:process_memory_win.cc(73)] ReadMemory at 0x7ffb42b00000 of 64 bytes failed: Only part of a ReadProcessMemory or WriteProcessMemory request was completed. (0x12B)
[0321/164339.430:WARNING:pe_image_reader.cc(340)] could not read dos header from C:\WINDOWS\SYSTEM32\WINMMBASE.dll
[0321/164339.430:ERROR:process_memory_win.cc(73)] ReadMemory at 0x7ffb46ce0000 of 64 bytes failed: Only part of a ReadProcessMemory or WriteProcessMemory request was completed. (0x12B)
[0321/164339.430:WARNING:pe_image_reader.cc(340)] could not read dos header from C:\WINDOWS\System32\cfgmgr32.dll
[0321/164339.430:ERROR:process_memory_win.cc(73)] ReadMemory at 0x7ffb42650000 of 64 bytes failed: Only part of a ReadProcessMemory or WriteProcessMemory request was completed. (0x12B)
[0321/164339.430:WARNING:pe_image_reader.cc(340)] could not read dos header from C:\WINDOWS\SYSTEM32\PROPSYS.dll
[0321/164339.430:ERROR:process_memory_win.cc(73)] ReadMemory at 0x7ffb47b70000 of 64 bytes failed: Only part of a ReadProcessMemory or WriteProcessMemory request was completed. (0x12B)
[0321/164339.430:WARNING:pe_image_reader.cc(340)] could not read dos header from C:\WINDOWS\System32\shcore.dll
[0321/164339.430:ERROR:process_memory_win.cc(73)] ReadMemory at 0x7ffb46050000 of 64 bytes failed: Only part of a ReadProcessMemory or WriteProcessMemory request was completed. (0x12B)
[0321/164339.430:WARNING:pe_image_reader.cc(340)] could not read dos header from C:\WINDOWS\SYSTEM32\SSPICLI.DLL
[0321/164339.430:ERROR:process_memory_win.cc(73)] ReadMemory at 0x7ffb47d20000 of 64 bytes failed: Only part of a ReadProcessMemory or WriteProcessMemory request was completed. (0x12B)
[0321/164339.431:WARNING:pe_image_reader.cc(340)] could not read dos header from C:\WINDOWS\System32\SHELL32.dll
[0321/164339.431:ERROR:process_memory_win.cc(73)] ReadMemory at 0x7ffb46460000 of 64 bytes failed: Only part of a ReadProcessMemory or WriteProcessMemory request was completed. (0x12B)
[0321/164339.431:WARNING:pe_image_reader.cc(340)] could not read dos header from C:\WINDOWS\System32\windows.storage.dll
[0321/164339.431:ERROR:process_memory_win.cc(73)] ReadMemory at 0x7ffb461e0000 of 64 bytes failed: Only part of a ReadProcessMemory or WriteProcessMemory request was completed. (0x12B)
[0321/164339.431:WARNING:pe_image_reader.cc(340)] could not read dos header from C:\WINDOWS\System32\powrprof.dll
[0321/164339.431:ERROR:process_memory_win.cc(73)] ReadMemory at 0x7ffb46160000 of 64 bytes failed: Only part of a ReadProcessMemory or WriteProcessMemory request was completed. (0x12B)
[0321/164339.431:WARNING:pe_image_reader.cc(340)] could not read dos header from C:\WINDOWS\System32\UMPDC.dll
[0321/164339.431:ERROR:process_memory_win.cc(73)] ReadMemory at 0x7ffb48fe0000 of 64 bytes failed: Only part of a ReadProcessMemory or WriteProcessMemory request was completed. (0x12B)
[0321/164339.431:WARNING:pe_image_reader.cc(340)] could not read dos header from C:\WINDOWS\System32\shlwapi.dll
[0321/164339.431:ERROR:process_memory_win.cc(73)] ReadMemory at 0x7ffb48410000 of 64 bytes failed: Only part of a ReadProcessMemory or WriteProcessMemory request was completed. (0x12B)
[0321/164339.431:WARNING:pe_image_reader.cc(340)] could not read dos header from C:\WINDOWS\System32\GDI32.dll
[0321/164339.431:ERROR:process_memory_win.cc(73)] ReadMemory at 0x7ffb46430000 of 64 bytes failed: Only part of a ReadProcessMemory or WriteProcessMemory request was completed. (0x12B)
[0321/164339.431:WARNING:pe_image_reader.cc(340)] could not read dos header from C:\WINDOWS\System32\win32u.dll
[0321/164339.431:ERROR:process_memory_win.cc(73)] ReadMemory at 0x7ffb47040000 of 64 bytes failed: Only part of a ReadProcessMemory or WriteProcessMemory request was completed. (0x12B)
[0321/164339.431:WARNING:pe_image_reader.cc(340)] could not read dos header from C:\WINDOWS\System32\gdi32full.dll
[0321/164339.431:ERROR:process_memory_win.cc(73)] ReadMemory at 0x7ffb47430000 of 64 bytes failed: Only part of a ReadProcessMemory or WriteProcessMemory request was completed. (0x12B)
[0321/164339.431:WARNING:pe_image_reader.cc(340)] could not read dos header from C:\WINDOWS\System32\USER32.dll
[0321/164339.431:ERROR:process_memory_win.cc(73)] ReadMemory at 0x7ffb47290000 of 64 bytes failed: Only part of a ReadProcessMemory or WriteProcessMemory request was completed. (0x12B)
[0321/164339.431:WARNING:pe_image_reader.cc(340)] could not read dos header from C:\WINDOWS\System32\cryptsp.dll
[0321/164339.431:ERROR:process_memory_win.cc(73)] ReadMemory at 0x7ffb47cf0000 of 64 bytes failed: Only part of a ReadProcessMemory or WriteProcessMemory request was completed. (0x12B)
[0321/164339.431:WARNING:pe_image_reader.cc(340)] could not read dos header from C:\WINDOWS\System32\IMM32.DLL
[0321/164339.432:ERROR:process_memory_win.cc(73)] ReadMemory at 0x7ffb45b40000 of 64 bytes failed: Only part of a ReadProcessMemory or WriteProcessMemory request was completed. (0x12B)
[0321/164339.432:WARNING:pe_image_reader.cc(340)] could not read dos header from C:\WINDOWS\SYSTEM32\CRYPTBASE.DLL
[0321/164339.432:ERROR:process_memory_win.cc(73)] ReadMemory at 0x7ff6893c0000 of 64 bytes failed: Only part of a ReadProcessMemory or WriteProcessMemory request was completed. (0x12B)
[0321/164339.432:WARNING:pe_image_reader.cc(340)] could not read dos header from C:\Program Files (x86)\Google\Chrome\Application\chrome.exe
[0321/164339.432:ERROR:process_memory_win.cc(73)] ReadMemory at 0x7ffb492a0000 of 64 bytes failed: Only part of a ReadProcessMemory or WriteProcessMemory request was completed. (0x12B)
[0321/164339.432:WARNING:pe_image_reader.cc(340)] could not read dos header from C:\WINDOWS\SYSTEM32\ntdll.dll
[0321/164339.432:ERROR:process_memory_win.cc(73)] ReadMemory at 0x7ffb48bb0000 of 64 bytes failed: Only part of a ReadProcessMemory or WriteProcessMemory request was completed. (0x12B)
[0321/164339.432:WARNING:pe_image_reader.cc(340)] could not read dos header from C:\WINDOWS\System32\KERNEL32.DLL
[0321/164339.432:ERROR:process_memory_win.cc(73)] ReadMemory at 0x7ffb46d30000 of 64 bytes failed: Only part of a ReadProcessMemory or WriteProcessMemory request was completed. (0x12B)
[0321/164339.432:WARNING:pe_image_reader.cc(340)] could not read dos header from C:\WINDOWS\System32\KERNELBASE.dll
[0321/164339.432:ERROR:process_memory_win.cc(73)] ReadMemory at 0x7ffb104d0000 of 64 bytes failed: Only part of a ReadProcessMemory or WriteProcessMemory request was completed. (0x12B)
[0321/164339.432:WARNING:pe_image_reader.cc(340)] could not read dos header from C:\Program Files (x86)\Google\Chrome\Application\80.0.3987.149\chrome_elf.dll
[0321/164339.432:ERROR:process_memory_win.cc(73)] ReadMemory at 0x7ffb333e0000 of 64 bytes failed: Only part of a ReadProcessMemory or WriteProcessMemory request was completed. (0x12B)
[0321/164339.432:WARNING:pe_image_reader.cc(340)] could not read dos header from C:\WINDOWS\SYSTEM32\VERSION.dll
[0321/164339.432:ERROR:process_memory_win.cc(73)] ReadMemory at 0x7ffb48a60000 of 64 bytes failed: Only part of a ReadProcessMemory or WriteProcessMemory request was completed. (0x12B)
[0321/164339.432:WARNING:pe_image_reader.cc(340)] could not read dos header from C:\WINDOWS\System32\msvcrt.dll
[0321/164339.432:ERROR:process_memory_win.cc(73)] ReadMemory at 0x7ffb46260000 of 64 bytes failed: Only part of a ReadProcessMemory or WriteProcessMemory request was completed. (0x12B)
[0321/164339.432:WARNING:pe_image_reader.cc(340)] could not read dos header from C:\WINDOWS\System32\bcryptPrimitives.dll
[0321/164339.432:ERROR:process_memory_win.cc(73)] ReadMemory at 0x7ffb48670000 of 64 bytes failed: Only part of a ReadProcessMemory or WriteProcessMemory request was completed. (0x12B)
[0321/164339.432:WARNING:pe_image_reader.cc(340)] could not read dos header from C:\WINDOWS\System32\ADVAPI32.dll
[0321/164339.432:ERROR:process_memory_win.cc(73)] ReadMemory at 0x7ffb48b00000 of 64 bytes failed: Only part of a ReadProcessMemory or WriteProcessMemory request was completed. (0x12B)
[0321/164339.433:WARNING:pe_image_reader.cc(340)] could not read dos header from C:\WINDOWS\System32\sechost.dll
[0321/164339.433:ERROR:process_memory_win.cc(73)] ReadMemory at 0x7ffb47a40000 of 64 bytes failed: Only part of a ReadProcessMemory or WriteProcessMemory request was completed. (0x12B)
[0321/164339.433:WARNING:pe_image_reader.cc(340)] could not read dos header from C:\WINDOWS\System32\RPCRT4.dll
[0321/164339.433:ERROR:process_memory_win.cc(73)] ReadMemory at 0x7ffb089c0000 of 64 bytes failed: Only part of a ReadProcessMemory or WriteProcessMemory request was completed. (0x12B)
[0321/164339.433:WARNING:pe_image_reader.cc(340)] could not read dos header from C:\Program Files (x86)\Google\Chrome\Application\80.0.3987.149\chrome.dll
[0321/164339.433:ERROR:process_memory_win.cc(73)] ReadMemory at 0x7ffb491f0000 of 64 bytes failed: Only part of a ReadProcessMemory or WriteProcessMemory request was completed. (0x12B)
[0321/164339.433:WARNING:pe_image_reader.cc(340)] could not read dos header from C:\WINDOWS\System32\WS2_32.dll
[0321/164339.433:ERROR:process_memory_win.cc(73)] ReadMemory at 0x7ffb490b0000 of 64 bytes failed: Only part of a ReadProcessMemory or WriteProcessMemory request was completed. (0x12B)
[0321/164339.433:WARNING:pe_image_reader.cc(340)] could not read dos header from C:\WINDOWS\System32\OLEAUT32.dll
[0321/164339.433:ERROR:process_memory_win.cc(73)] ReadMemory at 0x7ffb472b0000 of 64 bytes failed: Only part of a ReadProcessMemory or WriteProcessMemory request was completed. (0x12B)
[0321/164339.433:WARNING:pe_image_reader.cc(340)] could not read dos header from C:\WINDOWS\System32\msvcp_win.dll
[0321/164339.433:ERROR:process_memory_win.cc(73)] ReadMemory at 0x7ffb46be0000 of 64 bytes failed: Only part of a ReadProcessMemory or WriteProcessMemory request was completed. (0x12B)
[0321/164339.433:WARNING:pe_image_reader.cc(340)] could not read dos header from C:\WINDOWS\System32\ucrtbase.dll
[0321/164339.433:ERROR:process_memory_win.cc(73)] ReadMemory at 0x7ffb48720000 of 64 bytes failed: Only part of a ReadProcessMemory or WriteProcessMemory request was completed. (0x12B)
[0321/164339.433:WARNING:pe_image_reader.cc(340)] could not read dos header from C:\WINDOWS\System32\combase.dll
[0321/164339.433:ERROR:process_memory_win.cc(73)] ReadMemory at 0x7ffb46fe0000 of 64 bytes failed: Only part of a ReadProcessMemory or WriteProcessMemory request was completed. (0x12B)
[0321/164339.433:WARNING:pe_image_reader.cc(340)] could not read dos header from C:\WINDOWS\System32\WINTRUST.dll
[0321/164339.433:ERROR:process_memory_win.cc(73)] ReadMemory at 0x7ffb461c0000 of 64 bytes failed: Only part of a ReadProcessMemory or WriteProcessMemory request was completed. (0x12B)
[0321/164339.433:WARNING:pe_image_reader.cc(340)] could not read dos header from C:\WINDOWS\System32\MSASN1.dll
[0321/164339.433:ERROR:process_memory_win.cc(73)] ReadMemory at 0x7ffb462e0000 of 64 bytes failed: Only part of a ReadProcessMemory or WriteProcessMemory request was completed. (0x12B)
[0321/164339.433:WARNING:pe_image_reader.cc(340)] could not read dos header from C:\WINDOWS\System32\CRYPT32.dll
[0321/164339.433:ERROR:process_memory_win.cc(73)] ReadMemory at 0x7ffb45680000 of 64 bytes failed: Only part of a ReadProcessMemory or WriteProcessMemory request was completed. (0x12B)
[0321/164339.434:WARNING:pe_image_reader.cc(340)] could not read dos header from C:\WINDOWS\SYSTEM32\IPHLPAPI.DLL
[0321/164339.434:ERROR:process_memory_win.cc(73)] ReadMemory at 0x7ffb43140000 of 64 bytes failed: Only part of a ReadProcessMemory or WriteProcessMemory request was completed. (0x12B)
[0321/164339.434:WARNING:pe_image_reader.cc(340)] could not read dos header from C:\WINDOWS\SYSTEM32\WINMM.dll
[0321/164339.434:ERROR:process_memory_win.cc(73)] ReadMemory at 0x7ffb350e0000 of 64 bytes failed: Only part of a ReadProcessMemory or WriteProcessMemory request was completed. (0x12B)
[0321/164339.434:WARNING:pe_image_reader.cc(340)] could not read dos header from C:\WINDOWS\SYSTEM32\Secur32.dll
[0321/164339.434:ERROR:process_memory_win.cc(73)] ReadMemory at 0x7ffb46080000 of 64 bytes failed: Only part of a ReadProcessMemory or WriteProcessMemory request was completed. (0x12B)
[0321/164339.434:WARNING:pe_image_reader.cc(340)] could not read dos header from C:\WINDOWS\SYSTEM32\USERENV.dll
[0321/164339.434:ERROR:process_memory_win.cc(73)] ReadMemory at 0x7ffb46190000 of 64 bytes failed: Only part of a ReadProcessMemory or WriteProcessMemory request was completed. (0x12B)
[0321/164339.434:WARNING:pe_image_reader.cc(340)] could not read dos header from C:\WINDOWS\System32\profapi.dll
[0321/164339.434:ERROR:process_memory_win.cc(73)] ReadMemory at 0x7ffb22f50000 of 64 bytes failed: Only part of a ReadProcessMemory or WriteProcessMemory request was completed. (0x12B)
[0321/164339.434:WARNING:pe_image_reader.cc(340)] could not read dos header from C:\WINDOWS\SYSTEM32\UIAutomationCore.DLL
[0321/164339.434:ERROR:process_memory_win.cc(73)] ReadMemory at 0x7ffb35cd0000 of 64 bytes failed: Only part of a ReadProcessMemory or WriteProcessMemory request was completed. (0x12B)
[0321/164339.434:WARNING:pe_image_reader.cc(340)] could not read dos header from C:\WINDOWS\SYSTEM32\DWrite.dll
[0321/164339.434:ERROR:process_memory_win.cc(73)] ReadMemory at 0x7ffb3df70000 of 64 bytes failed: Only part of a ReadProcessMemory or WriteProcessMemory request was completed. (0x12B)
[0321/164339.434:WARNING:pe_image_reader.cc(340)] could not read dos header from C:\WINDOWS\SYSTEM32\WINSPOOL.DRV
[0321/164339.434:ERROR:process_memory_win.cc(73)] ReadMemory at 0x7ffb46170000 of 64 bytes failed: Only part of a ReadProcessMemory or WriteProcessMemory request was completed. (0x12B)
[0321/164339.434:WARNING:pe_image_reader.cc(340)] could not read dos header from C:\WINDOWS\System32\kernel.appcore.dll
[0321/164339.434:ERROR:process_memory_win.cc(73)] ReadMemory at 0x7ffb46230000 of 64 bytes failed: Only part of a ReadProcessMemory or WriteProcessMemory request was completed. (0x12B)
[0321/164339.434:WARNING:pe_image_reader.cc(340)] could not read dos header from C:\WINDOWS\System32\bcrypt.dll
[0321/164339.434:ERROR:process_memory_win.cc(73)] ReadMemory at 0x7ffb41f40000 of 64 bytes failed: Only part of a ReadProcessMemory or WriteProcessMemory request was completed. (0x12B)
[0321/164339.434:WARNING:pe_image_reader.cc(340)] could not read dos header from C:\WINDOWS\SYSTEM32\dbghelp.dll
[0321/164339.434:ERROR:process_memory_win.cc(73)] ReadMemory at 0x7ffb3e200000 of 64 bytes failed: Only part of a ReadProcessMemory or WriteProcessMemory request was completed. (0x12B)
[0321/164339.435:WARNING:pe_image_reader.cc(340)] could not read dos header from C:\WINDOWS\SYSTEM32\WINHTTP.dll
[0321/164339.435:ERROR:process_memory_win.cc(73)] ReadMemory at 0x7ffb3fed0000 of 64 bytes failed: Only part of a ReadProcessMemory or WriteProcessMemory request was completed. (0x12B)
[0321/164339.435:WARNING:pe_image_reader.cc(340)] could not read dos header from C:\WINDOWS\SYSTEM32\dhcpcsvc.DLL
[0321/164339.435:ERROR:process_memory_win.cc(73)] ReadMemory at 0x7ffb47b60000 of 64 bytes failed: Only part of a ReadProcessMemory or WriteProcessMemory request was completed. (0x12B)
[0321/164339.435:WARNING:pe_image_reader.cc(340)] could not read dos header from C:\WINDOWS\System32\NSI.dll
[0321/164339.435:ERROR:process_memory_win.cc(73)] ReadMemory at 0x7ffb42b00000 of 64 bytes failed: Only part of a ReadProcessMemory or WriteProcessMemory request was completed. (0x12B)
[0321/164339.435:WARNING:pe_image_reader.cc(340)] could not read dos header from C:\WINDOWS\SYSTEM32\WINMMBASE.dll
[0321/164339.435:ERROR:process_memory_win.cc(73)] ReadMemory at 0x7ffb46ce0000 of 64 bytes failed: Only part of a ReadProcessMemory or WriteProcessMemory request was completed. (0x12B)
[0321/164339.435:WARNING:pe_image_reader.cc(340)] could not read dos header from C:\WINDOWS\System32\cfgmgr32.dll
[0321/164339.435:ERROR:process_memory_win.cc(73)] ReadMemory at 0x7ffb42650000 of 64 bytes failed: Only part of a ReadProcessMemory or WriteProcessMemory request was completed. (0x12B)
[0321/164339.435:WARNING:pe_image_reader.cc(340)] could not read dos header from C:\WINDOWS\SYSTEM32\PROPSYS.dll
[0321/164339.435:ERROR:process_memory_win.cc(73)] ReadMemory at 0x7ffb47b70000 of 64 bytes failed: Only part of a ReadProcessMemory or WriteProcessMemory request was completed. (0x12B)
[0321/164339.435:WARNING:pe_image_reader.cc(340)] could not read dos header from C:\WINDOWS\System32\shcore.dll
[0321/164339.435:ERROR:process_memory_win.cc(73)] ReadMemory at 0x7ffb46050000 of 64 bytes failed: Only part of a ReadProcessMemory or WriteProcessMemory request was completed. (0x12B)
[0321/164339.435:WARNING:pe_image_reader.cc(340)] could not read dos header from C:\WINDOWS\SYSTEM32\SSPICLI.DLL
[0321/164339.435:ERROR:process_memory_win.cc(73)] ReadMemory at 0x7ffb47d20000 of 64 bytes failed: Only part of a ReadProcessMemory or WriteProcessMemory request was completed. (0x12B)
[0321/164339.435:WARNING:pe_image_reader.cc(340)] could not read dos header from C:\WINDOWS\System32\SHELL32.dll
[0321/164339.435:ERROR:process_memory_win.cc(73)] ReadMemory at 0x7ffb46460000 of 64 bytes failed: Only part of a ReadProcessMemory or WriteProcessMemory request was completed. (0x12B)
[0321/164339.435:WARNING:pe_image_reader.cc(340)] could not read dos header from C:\WINDOWS\System32\windows.storage.dll
[0321/164339.435:ERROR:process_memory_win.cc(73)] ReadMemory at 0x7ffb461e0000 of 64 bytes failed: Only part of a ReadProcessMemory or WriteProcessMemory request was completed. (0x12B)
[0321/164339.435:WARNING:pe_image_reader.cc(340)] could not read dos header from C:\WINDOWS\System32\powrprof.dll
[0321/164339.435:ERROR:process_memory_win.cc(73)] ReadMemory at 0x7ffb46160000 of 64 bytes failed: Only part of a ReadProcessMemory or WriteProcessMemory request was completed. (0x12B)
[0321/164339.436:WARNING:pe_image_reader.cc(340)] could not read dos header from C:\WINDOWS\System32\UMPDC.dll
[0321/164339.436:ERROR:process_memory_win.cc(73)] ReadMemory at 0x7ffb48fe0000 of 64 bytes failed: Only part of a ReadProcessMemory or WriteProcessMemory request was completed. (0x12B)
[0321/164339.436:WARNING:pe_image_reader.cc(340)] could not read dos header from C:\WINDOWS\System32\shlwapi.dll
[0321/164339.436:ERROR:process_memory_win.cc(73)] ReadMemory at 0x7ffb48410000 of 64 bytes failed: Only part of a ReadProcessMemory or WriteProcessMemory request was completed. (0x12B)
[0321/164339.436:WARNING:pe_image_reader.cc(340)] could not read dos header from C:\WINDOWS\System32\GDI32.dll
[0321/164339.436:ERROR:process_memory_win.cc(73)] ReadMemory at 0x7ffb46430000 of 64 bytes failed: Only part of a ReadProcessMemory or WriteProcessMemory request was completed. (0x12B)
[0321/164339.436:WARNING:pe_image_reader.cc(340)] could not read dos header from C:\WINDOWS\System32\win32u.dll
[0321/164339.436:ERROR:process_memory_win.cc(73)] ReadMemory at 0x7ffb47040000 of 64 bytes failed: Only part of a ReadProcessMemory or WriteProcessMemory request was completed. (0x12B)
[0321/164339.436:WARNING:pe_image_reader.cc(340)] could not read dos header from C:\WINDOWS\System32\gdi32full.dll
[0321/164339.436:ERROR:process_memory_win.cc(73)] ReadMemory at 0x7ffb47430000 of 64 bytes failed: Only part of a ReadProcessMemory or WriteProcessMemory request was completed. (0x12B)
[0321/164339.436:WARNING:pe_image_reader.cc(340)] could not read dos header from C:\WINDOWS\System32\USER32.dll
[0321/164339.436:ERROR:process_memory_win.cc(73)] ReadMemory at 0x7ffb47290000 of 64 bytes failed: Only part of a ReadProcessMemory or WriteProcessMemory request was completed. (0x12B)
[0321/164339.436:WARNING:pe_image_reader.cc(340)] could not read dos header from C:\WINDOWS\System32\cryptsp.dll
[0321/164339.436:ERROR:process_memory_win.cc(73)] ReadMemory at 0x7ffb47cf0000 of 64 bytes failed: Only part of a ReadProcessMemory or WriteProcessMemory request was completed. (0x12B)
[0321/164339.436:WARNING:pe_image_reader.cc(340)] could not read dos header from C:\WINDOWS\System32\IMM32.DLL
[0321/164339.436:ERROR:process_memory_win.cc(73)] ReadMemory at 0x7ffb45b40000 of 64 bytes failed: Only part of a ReadProcessMemory or WriteProcessMemory request was completed. (0x12B)
[0321/164339.436:WARNING:pe_image_reader.cc(340)] could not read dos header from C:\WINDOWS\SYSTEM32\CRYPTBASE.DLL
[0321/164339.449:ERROR:process_memory_win.cc(73)] ReadMemory at 0x239a7ec000 of 81920 bytes failed: Only part of a ReadProcessMemory or WriteProcessMemory request was completed. (0x12B)
[0321/164339.450:ERROR:process_memory_win.cc(73)] ReadMemory at 0x239affd000 of 12288 bytes failed: Only part of a ReadProcessMemory or WriteProcessMemory request was completed. (0x12B)
[0321/164339.450:ERROR:process_memory_win.cc(73)] ReadMemory at 0x239b7f9000 of 28672 bytes failed: Only part of a ReadProcessMemory or WriteProcessMemory request was completed. (0x12B)
[0321/164339.450:ERROR:process_memory_win.cc(73)] ReadMemory at 0x239bffc000 of 16384 bytes failed: Only part of a ReadProcessMemory or WriteProcessMemory request was completed. (0x12B)
[0321/164339.450:ERROR:process_memory_win.cc(73)] ReadMemory at 0x239c7fc000 of 16384 bytes failed: Only part of a ReadProcessMemory or WriteProcessMemory request was completed. (0x12B)
[0321/164339.450:ERROR:process_memory_win.cc(73)] ReadMemory at 0x239cffe000 of 8192 bytes failed: Only part of a ReadProcessMemory or WriteProcessMemory request was completed. (0x12B)
[0321/164339.450:ERROR:process_memory_win.cc(73)] ReadMemory at 0x239d7fd000 of 12288 bytes failed: Only part of a ReadProcessMemory or WriteProcessMemory request was completed. (0x12B)
[0321/164339.451:ERROR:process_memory_win.cc(73)] ReadMemory at 0x239dffb000 of 20480 bytes failed: Only part of a ReadProcessMemory or WriteProcessMemory request was completed. (0x12B)
[0321/164339.451:ERROR:process_memory_win.cc(73)] ReadMemory at 0x239e7fd000 of 12288 bytes failed: Only part of a ReadProcessMemory or WriteProcessMemory request was completed. (0x12B)
[0321/164339.451:ERROR:process_memory_win.cc(73)] ReadMemory at 0x239effd000 of 12288 bytes failed: Only part of a ReadProcessMemory or WriteProcessMemory request was completed. (0x12B)
[0321/164339.451:ERROR:process_memory_win.cc(73)] ReadMemory at 0x239f7f7000 of 36864 bytes failed: Only part of a ReadProcessMemory or WriteProcessMemory request was completed. (0x12B)
[0321/164339.451:ERROR:process_memory_win.cc(73)] ReadMemory at 0x239fffd000 of 12288 bytes failed: Only part of a ReadProcessMemory or WriteProcessMemory request was completed. (0x12B)
[0321/164339.451:ERROR:process_memory_win.cc(73)] ReadMemory at 0x23a07fd000 of 12288 bytes failed: Only part of a ReadProcessMemory or WriteProcessMemory request was completed. (0x12B)
[0321/164339.451:ERROR:process_memory_win.cc(73)] ReadMemory at 0x23a0ffd000 of 12288 bytes failed: Only part of a ReadProcessMemory or WriteProcessMemory request was completed. (0x12B)
[0321/164339.451:ERROR:process_memory_win.cc(73)] ReadMemory at 0x23a17fd000 of 12288 bytes failed: Only part of a ReadProcessMemory or WriteProcessMemory request was completed. (0x12B)
[0321/164339.452:ERROR:process_memory_win.cc(73)] ReadMemory at 0x2399e00000 of 6024 bytes failed: Only part of a ReadProcessMemory or WriteProcessMemory request was completed. (0x12B)
[0321/164339.452:ERROR:process_memory_win.cc(73)] ReadMemory at 0x2399e02000 of 6024 bytes failed: Only part of a ReadProcessMemory or WriteProcessMemory request was completed. (0x12B)
[0321/164339.452:ERROR:process_memory_win.cc(73)] ReadMemory at 0x2399e04000 of 6024 bytes failed: Only part of a ReadProcessMemory or WriteProcessMemory request was completed. (0x12B)
[0321/164339.452:ERROR:process_memory_win.cc(73)] ReadMemory at 0x2399e06000 of 6024 bytes failed: Only part of a ReadProcessMemory or WriteProcessMemory request was completed. (0x12B)
[0321/164339.452:ERROR:process_memory_win.cc(73)] ReadMemory at 0x2399e08000 of 6024 bytes failed: Only part of a ReadProcessMemory or WriteProcessMemory request was completed. (0x12B)
[0321/164339.452:ERROR:process_memory_win.cc(73)] ReadMemory at 0x2399fea000 of 852 bytes failed: Only part of a ReadProcessMemory or WriteProcessMemory request was completed. (0x12B)
[0321/164339.452:ERROR:process_memory_win.cc(73)] ReadMemory at 0x2399feb000 of 6024 bytes failed: Only part of a ReadProcessMemory or WriteProcessMemory request was completed. (0x12B)
[0321/164339.452:ERROR:process_memory_win.cc(73)] ReadMemory at 0x2399fed000 of 6024 bytes failed: Only part of a ReadProcessMemory or WriteProcessMemory request was completed. (0x12B)
[0321/164339.452:ERROR:process_memory_win.cc(73)] ReadMemory at 0x2399fef000 of 6024 bytes failed: Only part of a ReadProcessMemory or WriteProcessMemory request was completed. (0x12B)
[0321/164339.453:ERROR:process_memory_win.cc(73)] ReadMemory at 0x2399ff1000 of 6024 bytes failed: Only part of a ReadProcessMemory or WriteProcessMemory request was completed. (0x12B)
[0321/164339.453:ERROR:process_memory_win.cc(73)] ReadMemory at 0x2399ff3000 of 6024 bytes failed: Only part of a ReadProcessMemory or WriteProcessMemory request was completed. (0x12B)
[0321/164339.453:ERROR:process_memory_win.cc(73)] ReadMemory at 0x2399ff5000 of 6024 bytes failed: Only part of a ReadProcessMemory or WriteProcessMemory request was completed. (0x12B)
[0321/164339.453:ERROR:process_memory_win.cc(73)] ReadMemory at 0x2399ff7000 of 6024 bytes failed: Only part of a ReadProcessMemory or WriteProcessMemory request was completed. (0x12B)
[0321/164339.453:ERROR:process_memory_win.cc(73)] ReadMemory at 0x2399ff9000 of 6024 bytes failed: Only part of a ReadProcessMemory or WriteProcessMemory request was completed. (0x12B)
[0321/164339.453:ERROR:process_memory_win.cc(73)] ReadMemory at 0x2399ffb000 of 6024 bytes failed: Only part of a ReadProcessMemory or WriteProcessMemory request was completed. (0x12B)
[0321/164339.453:ERROR:process_memory_win.cc(73)] ReadMemory at 0x2399ffd000 of 6024 bytes failed: Only part of a ReadProcessMemory or WriteProcessMemory request was completed. (0x12B)
[0321/164339.453:ERROR:process_memory_win.cc(73)] ReadMemory at 0x19ba4e70750 of 80 bytes failed: Only part of a ReadProcessMemory or WriteProcessMemory request was completed. (0x12B)
[0321/164339.453:ERROR:process_memory_win.cc(73)] ReadMemory at 0x19ba4e70fe0 of 6608 bytes failed: Only part of a ReadProcessMemory or WriteProcessMemory request was completed. (0x12B)
[0321/164339.453:ERROR:process_memory_win.cc(73)] ReadMemory at 0x19ba4e729c0 of 1012 bytes failed: Only part of a ReadProcessMemory or WriteProcessMemory request was completed. (0x12B)
[0321/164339.454:ERROR:process_memory_win.cc(73)] ReadMemory at 0x19ba4e73008 of 118 bytes failed: Only part of a ReadProcessMemory or WriteProcessMemory request was completed. (0x12B)
[0321/164339.454:ERROR:process_memory_win.cc(73)] ReadMemory at 0x19ba4e73080 of 1308 bytes failed: Only part of a ReadProcessMemory or WriteProcessMemory request was completed. (0x12B)
[0321/164339.454:ERROR:process_memory_win.cc(73)] ReadMemory at 0x19ba4e7359e of 118 bytes failed: Only part of a ReadProcessMemory or WriteProcessMemory request was completed. (0x12B)
[0321/164339.454:ERROR:process_memory_win.cc(73)] ReadMemory at 0x19ba4e73616 of 96 bytes failed: Only part of a ReadProcessMemory or WriteProcessMemory request was completed. (0x12B)
[0321/164339.454:ERROR:process_memory_win.cc(73)] ReadMemory at 0x19ba4e73690 of 58 bytes failed: Only part of a ReadProcessMemory or WriteProcessMemory request was completed. (0x12B)
[0321/164339.454:ERROR:process_memory_win.cc(73)] ReadMemory at 0x19ba4e73790 of 132 bytes failed: Only part of a ReadProcessMemory or WriteProcessMemory request was completed. (0x12B)
[0321/164339.455:ERROR:process_memory_win.cc(73)] ReadMemory at 0x19ba4e73920 of 132 bytes failed: Only part of a ReadProcessMemory or WriteProcessMemory request was completed. (0x12B)
[0321/164339.455:ERROR:process_memory_win.cc(73)] ReadMemory at 0x19ba4e73ae0 of 126 bytes failed: Only part of a ReadProcessMemory or WriteProcessMemory request was completed. (0x12B)
[0321/164339.455:ERROR:process_memory_win.cc(73)] ReadMemory at 0x19ba4e73ec0 of 132 bytes failed: Only part of a ReadProcessMemory or WriteProcessMemory request was completed. (0x12B)
[0321/164339.455:ERROR:process_memory_win.cc(73)] ReadMemory at 0x19ba4e74050 of 64 bytes failed: Only part of a ReadProcessMemory or WriteProcessMemory request was completed. (0x12B)
[0321/164339.455:ERROR:process_memory_win.cc(73)] ReadMemory at 0x19ba4e74210 of 132 bytes failed: Only part of a ReadProcessMemory or WriteProcessMemory request was completed. (0x12B)
[0321/164339.455:ERROR:process_memory_win.cc(73)] ReadMemory at 0x19ba4e744b0 of 132 bytes failed: Only part of a ReadProcessMemory or WriteProcessMemory request was completed. (0x12B)
[0321/164339.455:ERROR:process_memory_win.cc(73)] ReadMemory at 0x19ba4e74640 of 68 bytes failed: Only part of a ReadProcessMemory or WriteProcessMemory request was completed. (0x12B)
[0321/164339.455:ERROR:process_memory_win.cc(73)] ReadMemory at 0x19ba4e75820 of 132 bytes failed: Only part of a ReadProcessMemory or WriteProcessMemory request was completed. (0x12B)
[0321/164339.455:ERROR:process_memory_win.cc(73)] ReadMemory at 0x19ba4e759b0 of 154 bytes failed: Only part of a ReadProcessMemory or WriteProcessMemory request was completed. (0x12B)
[0321/164339.455:ERROR:process_memory_win.cc(73)] ReadMemory at 0x19ba4e7665c of 512 bytes failed: Only part of a ReadProcessMemory or WriteProcessMemory request was completed. (0x12B)
[0321/164339.456:ERROR:process_memory_win.cc(73)] ReadMemory at 0x19ba4e76dc0 of 132 bytes failed: Only part of a ReadProcessMemory or WriteProcessMemory request was completed. (0x12B)
[0321/164339.456:ERROR:process_memory_win.cc(73)] ReadMemory at 0x19ba4e76ef0 of 146 bytes failed: Only part of a ReadProcessMemory or WriteProcessMemory request was completed. (0x12B)
[0321/164339.456:ERROR:process_memory_win.cc(73)] ReadMemory at 0x19ba4e77a60 of 62 bytes failed: Only part of a ReadProcessMemory or WriteProcessMemory request was completed. (0x12B)
[0321/164339.456:ERROR:process_memory_win.cc(73)] ReadMemory at 0x19ba4e77ab0 of 132 bytes failed: Only part of a ReadProcessMemory or WriteProcessMemory request was completed. (0x12B)
[0321/164339.456:ERROR:process_memory_win.cc(73)] ReadMemory at 0x19ba4e77c50 of 132 bytes failed: Only part of a ReadProcessMemory or WriteProcessMemory request was completed. (0x12B)
[0321/164339.456:ERROR:process_memory_win.cc(73)] ReadMemory at 0x19ba4e77d80 of 60 bytes failed: Only part of a ReadProcessMemory or WriteProcessMemory request was completed. (0x12B)
[0321/164339.456:ERROR:process_memory_win.cc(73)] ReadMemory at 0x19ba4e78600 of 132 bytes failed: Only part of a ReadProcessMemory or WriteProcessMemory request was completed. (0x12B)
[0321/164339.456:ERROR:process_memory_win.cc(73)] ReadMemory at 0x19ba4e78850 of 132 bytes failed: Only part of a ReadProcessMemory or WriteProcessMemory request was completed. (0x12B)
[0321/164339.456:ERROR:process_memory_win.cc(73)] ReadMemory at 0x19ba4e7b7a0 of 66 bytes failed: Only part of a ReadProcessMemory or WriteProcessMemory request was completed. (0x12B)
[0321/164339.456:ERROR:process_memory_win.cc(73)] ReadMemory at 0x19ba4e7ba20 of 62 bytes failed: Only part of a ReadProcessMemory or WriteProcessMemory request was completed. (0x12B)
[0321/164339.457:ERROR:process_memory_win.cc(73)] ReadMemory at 0x19ba4e7ba70 of 64 bytes failed: Only part of a ReadProcessMemory or WriteProcessMemory request was completed. (0x12B)
[0321/164339.457:ERROR:process_memory_win.cc(73)] ReadMemory at 0x19ba4e7bac0 of 64 bytes failed: Only part of a ReadProcessMemory or WriteProcessMemory request was completed. (0x12B)
[0321/164339.457:ERROR:process_memory_win.cc(73)] ReadMemory at 0x19ba4e7bb60 of 62 bytes failed: Only part of a ReadProcessMemory or WriteProcessMemory request was completed. (0x12B)
[0321/164339.457:ERROR:process_memory_win.cc(73)] ReadMemory at 0x19ba4e7bcf0 of 60 bytes failed: Only part of a ReadProcessMemory or WriteProcessMemory request was completed. (0x12B)
[0321/164339.457:ERROR:process_memory_win.cc(73)] ReadMemory at 0x19ba4e7bd90 of 64 bytes failed: Only part of a ReadProcessMemory or WriteProcessMemory request was completed. (0x12B)
[0321/164339.457:ERROR:process_memory_win.cc(73)] ReadMemory at 0x19ba4e7bde0 of 64 bytes failed: Only part of a ReadProcessMemory or WriteProcessMemory request was completed. (0x12B)
[0321/164339.457:ERROR:process_memory_win.cc(73)] ReadMemory at 0x19ba4e7be30 of 60 bytes failed: Only part of a ReadProcessMemory or WriteProcessMemory request was completed. (0x12B)
[0321/164339.457:ERROR:process_memory_win.cc(73)] ReadMemory at 0x19ba4e7bf60 of 132 bytes failed: Only part of a ReadProcessMemory or WriteProcessMemory request was completed. (0x12B)
[0321/164339.457:ERROR:process_memory_win.cc(73)] ReadMemory at 0x19ba4e7c090 of 132 bytes failed: Only part of a ReadProcessMemory or WriteProcessMemory request was completed. (0x12B)
[0321/164339.457:ERROR:process_memory_win.cc(73)] ReadMemory at 0x19ba4e7c1c0 of 132 bytes failed: Only part of a ReadProcessMemory or WriteProcessMemory request was completed. (0x12B)
[0321/164339.457:ERROR:process_memory_win.cc(73)] ReadMemory at 0x19ba4e7c2f0 of 132 bytes failed: Only part of a ReadProcessMemory or WriteProcessMemory request was completed. (0x12B)
[0321/164339.458:ERROR:process_memory_win.cc(73)] ReadMemory at 0x19ba4e7c420 of 132 bytes failed: Only part of a ReadProcessMemory or WriteProcessMemory request was completed. (0x12B)
[0321/164339.458:ERROR:process_memory_win.cc(73)] ReadMemory at 0x19ba4e7c550 of 132 bytes failed: Only part of a ReadProcessMemory or WriteProcessMemory request was completed. (0x12B)
[0321/164339.458:ERROR:process_memory_win.cc(73)] ReadMemory at 0x19ba4e7c7b0 of 132 bytes failed: Only part of a ReadProcessMemory or WriteProcessMemory request was completed. (0x12B)
[0321/164339.458:ERROR:process_memory_win.cc(73)] ReadMemory at 0x19ba4e7c8e0 of 132 bytes failed: Only part of a ReadProcessMemory or WriteProcessMemory request was completed. (0x12B)
[0321/164339.458:ERROR:process_memory_win.cc(73)] ReadMemory at 0x19ba4e7ca10 of 132 bytes failed: Only part of a ReadProcessMemory or WriteProcessMemory request was completed. (0x12B)
[0321/164339.458:ERROR:process_memory_win.cc(73)] ReadMemory at 0x19ba4e7cb40 of 132 bytes failed: Only part of a ReadProcessMemory or WriteProcessMemory request was completed. (0x12B)
[0321/164339.459:ERROR:process_memory_win.cc(73)] ReadMemory at 0x19ba4e7cc70 of 132 bytes failed: Only part of a ReadProcessMemory or WriteProcessMemory request was completed. (0x12B)
[0321/164339.459:ERROR:process_memory_win.cc(73)] ReadMemory at 0x19ba4e7cda0 of 132 bytes failed: Only part of a ReadProcessMemory or WriteProcessMemory request was completed. (0x12B)
[0321/164339.459:ERROR:process_memory_win.cc(73)] ReadMemory at 0x19ba4e7f7d0 of 54 bytes failed: Only part of a ReadProcessMemory or WriteProcessMemory request was completed. (0x12B)
[0321/164339.459:ERROR:process_memory_win.cc(73)] ReadMemory at 0x19ba4e7fae0 of 132 bytes failed: Only part of a ReadProcessMemory or WriteProcessMemory request was completed. (0x12B)
[0321/164339.459:ERROR:process_memory_win.cc(73)] ReadMemory at 0x19ba4e7fd10 of 132 bytes failed: Only part of a ReadProcessMemory or WriteProcessMemory request was completed. (0x12B)
[0321/164339.459:ERROR:process_memory_win.cc(73)] ReadMemory at 0x19ba4e82f30 of 132 bytes failed: Only part of a ReadProcessMemory or WriteProcessMemory request was completed. (0x12B)
[0321/164339.459:ERROR:process_memory_win.cc(73)] ReadMemory at 0x19ba4e83060 of 132 bytes failed: Only part of a ReadProcessMemory or WriteProcessMemory request was completed. (0x12B)
[0321/164339.460:ERROR:process_memory_win.cc(73)] ReadMemory at 0x19ba4e833c0 of 132 bytes failed: Only part of a ReadProcessMemory or WriteProcessMemory request was completed. (0x12B)
[0321/164339.460:ERROR:process_memory_win.cc(73)] ReadMemory at 0x19ba4e835d0 of 132 bytes failed: Only part of a ReadProcessMemory or WriteProcessMemory request was completed. (0x12B)
[0321/164339.460:ERROR:process_memory_win.cc(73)] ReadMemory at 0x19ba4e86110 of 80 bytes failed: Only part of a ReadProcessMemory or WriteProcessMemory request was completed. (0x12B)
[0321/164339.460:ERROR:process_memory_win.cc(73)] ReadMemory at 0x19ba4e86890 of 78 bytes failed: Only part of a ReadProcessMemory or WriteProcessMemory request was completed. (0x12B)
[0321/164339.460:ERROR:process_memory_win.cc(73)] ReadMemory at 0x19ba4e86b90 of 76 bytes failed: Only part of a ReadProcessMemory or WriteProcessMemory request was completed. (0x12B)
[0321/164339.460:ERROR:process_memory_win.cc(73)] ReadMemory at 0x19ba4e871e0 of 62 bytes failed: Only part of a ReadProcessMemory or WriteProcessMemory request was completed. (0x12B)
[0321/164339.460:ERROR:process_memory_win.cc(73)] ReadMemory at 0x19ba4e87230 of 62 bytes failed: Only part of a ReadProcessMemory or WriteProcessMemory request was completed. (0x12B)
[0321/164339.460:ERROR:process_memory_win.cc(73)] ReadMemory at 0x19ba4e87280 of 60 bytes failed: Only part of a ReadProcessMemory or WriteProcessMemory request was completed. (0x12B)
[0321/164339.461:ERROR:process_memory_win.cc(73)] ReadMemory at 0x19ba4e872d0 of 58 bytes failed: Only part of a ReadProcessMemory or WriteProcessMemory request was completed. (0x12B)
[0321/164339.461:ERROR:process_memory_win.cc(73)] ReadMemory at 0x19ba4e87320 of 60 bytes failed: Only part of a ReadProcessMemory or WriteProcessMemory request was completed. (0x12B)
[0321/164339.461:ERROR:process_memory_win.cc(73)] ReadMemory at 0x19ba4e87370 of 64 bytes failed: Only part of a ReadProcessMemory or WriteProcessMemory request was completed. (0x12B)
[0321/164339.461:ERROR:process_memory_win.cc(73)] ReadMemory at 0x19ba4e87410 of 64 bytes failed: Only part of a ReadProcessMemory or WriteProcessMemory request was completed. (0x12B)
[0321/164339.461:ERROR:process_memory_win.cc(73)] ReadMemory at 0x19ba4e87460 of 62 bytes failed: Only part of a ReadProcessMemory or WriteProcessMemory request was completed. (0x12B)
[0321/164339.461:ERROR:process_memory_win.cc(73)] ReadMemory at 0x19ba4e87500 of 60 bytes failed: Only part of a ReadProcessMemory or WriteProcessMemory request was completed. (0x12B)
[0321/164339.461:ERROR:process_memory_win.cc(73)] ReadMemory at 0x19ba4e87550 of 62 bytes failed: Only part of a ReadProcessMemory or WriteProcessMemory request was completed. (0x12B)
[0321/164339.461:ERROR:process_memory_win.cc(73)] ReadMemory at 0x19ba4e875a0 of 62 bytes failed: Only part of a ReadProcessMemory or WriteProcessMemory request was completed. (0x12B)
[0321/164339.461:ERROR:process_memory_win.cc(73)] ReadMemory at 0x19ba4e87730 of 60 bytes failed: Only part of a ReadProcessMemory or WriteProcessMemory request was completed. (0x12B)
[0321/164339.461:ERROR:process_memory_win.cc(73)] ReadMemory at 0x19ba4e877d0 of 66 bytes failed: Only part of a ReadProcessMemory or WriteProcessMemory request was completed. (0x12B)
[0321/164339.462:ERROR:process_memory_win.cc(73)] ReadMemory at 0x19ba4e878c0 of 62 bytes failed: Only part of a ReadProcessMemory or WriteProcessMemory request was completed. (0x12B)
[0321/164339.462:ERROR:process_memory_win.cc(73)] ReadMemory at 0x19ba4e87b90 of 62 bytes failed: Only part of a ReadProcessMemory or WriteProcessMemory request was completed. (0x12B)
[0321/164339.462:ERROR:process_memory_win.cc(73)] ReadMemory at 0x19ba4e87be0 of 62 bytes failed: Only part of a ReadProcessMemory or WriteProcessMemory request was completed. (0x12B)
[0321/164339.462:ERROR:process_memory_win.cc(73)] ReadMemory at 0x19ba4e87c30 of 64 bytes failed: Only part of a ReadProcessMemory or WriteProcessMemory request was completed. (0x12B)
[0321/164339.462:ERROR:process_memory_win.cc(73)] ReadMemory at 0x19ba4e87dc0 of 64 bytes failed: Only part of a ReadProcessMemory or WriteProcessMemory request was completed. (0x12B)
[0321/164339.462:ERROR:process_memory_win.cc(73)] ReadMemory at 0x19ba4e88020 of 132 bytes failed: Only part of a ReadProcessMemory or WriteProcessMemory request was completed. (0x12B)
[0321/164339.462:ERROR:process_memory_win.cc(73)] ReadMemory at 0x19ba4e88150 of 132 bytes failed: Only part of a ReadProcessMemory or WriteProcessMemory request was completed. (0x12B)
[0321/164339.462:ERROR:process_memory_win.cc(73)] ReadMemory at 0x19ba4e88280 of 132 bytes failed: Only part of a ReadProcessMemory or WriteProcessMemory request was completed. (0x12B)
[0321/164339.462:ERROR:process_memory_win.cc(73)] ReadMemory at 0x19ba4e883b0 of 132 bytes failed: Only part of a ReadProcessMemory or WriteProcessMemory request was completed. (0x12B)
[0321/164339.462:ERROR:process_memory_win.cc(73)] ReadMemory at 0x19ba4e884e0 of 132 bytes failed: Only part of a ReadProcessMemory or WriteProcessMemory request was completed. (0x12B)
[0321/164339.463:ERROR:process_memory_win.cc(73)] ReadMemory at 0x19ba4e88610 of 132 bytes failed: Only part of a ReadProcessMemory or WriteProcessMemory request was completed. (0x12B)
[0321/164339.463:ERROR:process_memory_win.cc(73)] ReadMemory at 0x19ba4e88870 of 132 bytes failed: Only part of a ReadProcessMemory or WriteProcessMemory request was completed. (0x12B)
[0321/164339.463:ERROR:process_memory_win.cc(73)] ReadMemory at 0x19ba4e889a0 of 132 bytes failed: Only part of a ReadProcessMemory or WriteProcessMemory request was completed. (0x12B)
[0321/164339.463:ERROR:process_memory_win.cc(73)] ReadMemory at 0x19ba4e88ad0 of 132 bytes failed: Only part of a ReadProcessMemory or WriteProcessMemory request was completed. (0x12B)
[0321/164339.463:ERROR:process_memory_win.cc(73)] ReadMemory at 0x19ba4e88c00 of 132 bytes failed: Only part of a ReadProcessMemory or WriteProcessMemory request was completed. (0x12B)
[0321/164339.463:ERROR:process_memory_win.cc(73)] ReadMemory at 0x19ba4e88e60 of 132 bytes failed: Only part of a ReadProcessMemory or WriteProcessMemory request was completed. (0x12B)
[0321/164339.463:ERROR:process_memory_win.cc(73)] ReadMemory at 0x19ba4e88f90 of 132 bytes failed: Only part of a ReadProcessMemory or WriteProcessMemory request was completed. (0x12B)
[0321/164339.463:ERROR:process_memory_win.cc(73)] ReadMemory at 0x19ba4e891f0 of 132 bytes failed: Only part of a ReadProcessMemory or WriteProcessMemory request was completed. (0x12B)
[0321/164339.463:ERROR:process_memory_win.cc(73)] ReadMemory at 0x19ba4e89320 of 132 bytes failed: Only part of a ReadProcessMemory or WriteProcessMemory request was completed. (0x12B)
[0321/164339.463:ERROR:process_memory_win.cc(73)] ReadMemory at 0x19ba4e89450 of 132 bytes failed: Only part of a ReadProcessMemory or WriteProcessMemory request was completed. (0x12B)
[0321/164339.463:ERROR:process_memory_win.cc(73)] ReadMemory at 0x19ba4e89580 of 132 bytes failed: Only part of a ReadProcessMemory or WriteProcessMemory request was completed. (0x12B)
[0321/164339.464:ERROR:process_memory_win.cc(73)] ReadMemory at 0x19ba4e896b0 of 132 bytes failed: Only part of a ReadProcessMemory or WriteProcessMemory request was completed. (0x12B)
[0321/164339.464:ERROR:process_memory_win.cc(73)] ReadMemory at 0x19ba4e897e0 of 132 bytes failed: Only part of a ReadProcessMemory or WriteProcessMemory request was completed. (0x12B)
[0321/164339.464:ERROR:process_memory_win.cc(73)] ReadMemory at 0x19ba4e89b70 of 132 bytes failed: Only part of a ReadProcessMemory or WriteProcessMemory request was completed. (0x12B)
[0321/164339.464:ERROR:process_memory_win.cc(73)] ReadMemory at 0x19ba4e89ca0 of 132 bytes failed: Only part of a ReadProcessMemory or WriteProcessMemory request was completed. (0x12B)
[0321/164339.464:ERROR:process_memory_win.cc(73)] ReadMemory at 0x19ba4e89dd0 of 132 bytes failed: Only part of a ReadProcessMemory or WriteProcessMemory request was completed. (0x12B)
[0321/164339.464:ERROR:process_memory_win.cc(73)] ReadMemory at 0x19ba4e97120 of 62 bytes failed: Only part of a ReadProcessMemory or WriteProcessMemory request was completed. (0x12B)
[0321/164339.464:ERROR:process_memory_win.cc(73)] ReadMemory at 0x19ba4e97210 of 62 bytes failed: Only part of a ReadProcessMemory or WriteProcessMemory request was completed. (0x12B)
[0321/164339.464:ERROR:process_memory_win.cc(73)] ReadMemory at 0x19ba4e97710 of 58 bytes failed: Only part of a ReadProcessMemory or WriteProcessMemory request was completed. (0x12B)
[0321/164339.465:ERROR:process_memory_win.cc(73)] ReadMemory at 0x19ba4e97760 of 58 bytes failed: Only part of a ReadProcessMemory or WriteProcessMemory request was completed. (0x12B)
[0321/164339.465:ERROR:process_memory_win.cc(73)] ReadMemory at 0x19ba4e97850 of 66 bytes failed: Only part of a ReadProcessMemory or WriteProcessMemory request was completed. (0x12B)
[0321/164339.465:ERROR:process_memory_win.cc(73)] ReadMemory at 0x19ba4e978a0 of 58 bytes failed: Only part of a ReadProcessMemory or WriteProcessMemory request was completed. (0x12B)
[0321/164339.465:ERROR:process_memory_win.cc(73)] ReadMemory at 0x19ba4e97990 of 62 bytes failed: Only part of a ReadProcessMemory or WriteProcessMemory request was completed. (0x12B)
[0321/164339.465:ERROR:process_memory_win.cc(73)] ReadMemory at 0x19ba4e97c60 of 60 bytes failed: Only part of a ReadProcessMemory or WriteProcessMemory request was completed. (0x12B)
[0321/164339.465:ERROR:process_memory_win.cc(73)] ReadMemory at 0x19ba4e97cb0 of 60 bytes failed: Only part of a ReadProcessMemory or WriteProcessMemory request was completed. (0x12B)
[0321/164339.465:ERROR:process_memory_win.cc(73)] ReadMemory at 0x19ba4e97fd0 of 64 bytes failed: Only part of a ReadProcessMemory or WriteProcessMemory request was completed. (0x12B)
[0321/164339.465:ERROR:process_memory_win.cc(73)] ReadMemory at 0x19ba4ea0c40 of 512 bytes failed: Only part of a ReadProcessMemory or WriteProcessMemory request was completed. (0x12B)
[0321/164339.465:ERROR:process_memory_win.cc(73)] ReadMemory at 0x19ba4ea7f80 of 512 bytes failed: Only part of a ReadProcessMemory or WriteProcessMemory request was completed. (0x12B)
[0321/164339.465:ERROR:process_memory_win.cc(73)] ReadMemory at 0x19ba50c0dc0 of 1088 bytes failed: Only part of a ReadProcessMemory or WriteProcessMemory request was completed. (0x12B)
[0321/164339.466:ERROR:process_memory_win.cc(73)] ReadMemory at 0x19ba50c1d80 of 512 bytes failed: Only part of a ReadProcessMemory or WriteProcessMemory request was completed. (0x12B)
[0321/164339.466:ERROR:process_memory_win.cc(73)] ReadMemory at 0x19ba51e9480 of 512 bytes failed: Only part of a ReadProcessMemory or WriteProcessMemory request was completed. (0x12B)
[0321/164339.466:ERROR:process_memory_win.cc(73)] ReadMemory at 0x19ba52b6d40 of 512 bytes failed: Only part of a ReadProcessMemory or WriteProcessMemory request was completed. (0x12B)
[0321/164339.466:ERROR:process_memory_win.cc(73)] ReadMemory at 0x19ba52c15a0 of 712 bytes failed: Only part of a ReadProcessMemory or WriteProcessMemory request was completed. (0x12B)
[0321/164339.466:ERROR:process_memory_win.cc(73)] ReadMemory at 0x19ba7260860 of 512 bytes failed: Only part of a ReadProcessMemory or WriteProcessMemory request was completed. (0x12B)
[0321/164339.466:ERROR:process_memory_win.cc(73)] ReadMemory at 0x19ba7263180 of 512 bytes failed: Only part of a ReadProcessMemory or WriteProcessMemory request was completed. (0x12B)
[0321/164339.466:ERROR:process_memory_win.cc(73)] ReadMemory at 0x19ba7267bf8 of 512 bytes failed: Only part of a ReadProcessMemory or WriteProcessMemory request was completed. (0x12B)
[0321/164339.467:ERROR:process_memory_win.cc(73)] ReadMemory at 0x19ba727b1a0 of 544 bytes failed: Only part of a ReadProcessMemory or WriteProcessMemory request was completed. (0x12B)
[0321/164339.467:ERROR:process_memory_win.cc(73)] ReadMemory at 0x19ba7312180 of 512 bytes failed: Only part of a ReadProcessMemory or WriteProcessMemory request was completed. (0x12B)
[0321/164339.467:ERROR:process_memory_win.cc(73)] ReadMemory at 0x19ba73231d0 of 512 bytes failed: Only part of a ReadProcessMemory or WriteProcessMemory request was completed. (0x12B)
[0321/164339.467:ERROR:process_memory_win.cc(73)] ReadMemory at 0x19ba7356660 of 512 bytes failed: Only part of a ReadProcessMemory or WriteProcessMemory request was completed. (0x12B)
[0321/164339.467:ERROR:process_memory_win.cc(73)] ReadMemory at 0x19ba737fc00 of 560 bytes failed: Only part of a ReadProcessMemory or WriteProcessMemory request was completed. (0x12B)
[0321/164339.467:ERROR:process_memory_win.cc(73)] ReadMemory at 0x19ba817c178 of 512 bytes failed: Only part of a ReadProcessMemory or WriteProcessMemory request was completed. (0x12B)
[0321/164339.467:ERROR:process_memory_win.cc(73)] ReadMemory at 0x19ba819ce68 of 512 bytes failed: Only part of a ReadProcessMemory or WriteProcessMemory request was completed. (0x12B)
[0321/164339.467:ERROR:process_memory_win.cc(73)] ReadMemory at 0x3a47e42c7f80 of 512 bytes failed: Only part of a ReadProcessMemory or WriteProcessMemory request was completed. (0x12B)
[0321/164339.467:ERROR:process_memory_win.cc(73)] ReadMemory at 0x3a47e42e0d80 of 512 bytes failed: Only part of a ReadProcessMemory or WriteProcessMemory request was completed. (0x12B)
[0321/164339.467:ERROR:process_memory_win.cc(73)] ReadMemory at 0x7ffb09807610 of 512 bytes failed: Only part of a ReadProcessMemory or WriteProcessMemory request was completed. (0x12B)
[0321/164339.468:ERROR:process_memory_win.cc(73)] ReadMemory at 0x7ffb0af7054c of 512 bytes failed: Only part of a ReadProcessMemory or WriteProcessMemory request was completed. (0x12B)
[0321/164339.468:ERROR:process_memory_win.cc(73)] ReadMemory at 0x7ffb46d6a7d9 of 512 bytes failed: Only part of a ReadProcessMemory or WriteProcessMemory request was completed. (0x12B)
[0321/164339.468:ERROR:process_memory_win.cc(73)] ReadMemory at 0x7ffb46f9b720 of 512 bytes failed: Only part of a ReadProcessMemory or WriteProcessMemory request was completed. (0x12B)
[0321/164339.468:ERROR:process_memory_win.cc(73)] ReadMemory at 0x7ffb4933c0c4 of 672 bytes failed: Only part of a ReadProcessMemory or WriteProcessMemory request was completed. (0x12B)
[0321/164339.468:ERROR:process_memory_win.cc(73)] ReadMemory at 0x7ffb4933c6c4 of 512 bytes failed: Only part of a ReadProcessMemory or WriteProcessMemory request was completed. (0x12B)
[0321/164339.468:ERROR:process_memory_win.cc(73)] ReadMemory at 0x7ffb4933f974 of 608 bytes failed: Only part of a ReadProcessMemory or WriteProcessMemory request was completed. (0x12B)
[0321/164339.468:ERROR:process_memory_win.cc(73)] ReadMemory at 0x7ffb493cc428 of 18 bytes failed: Only part of a ReadProcessMemory or WriteProcessMemory request was completed. (0x12B)
[0321/164339.468:ERROR:process_memory_win.cc(73)] ReadMemory at 0x7ffb493ff4f8 of 40 bytes failed: Only part of a ReadProcessMemory or WriteProcessMemory request was completed. (0x12B)
[0321/164339.469:ERROR:process_memory_win.cc(73)] ReadMemory at 0x7ffb493ff978 of 48 bytes failed: Only part of a ReadProcessMemory or WriteProcessMemory request was completed. (0x12B)
[0321/164339.469:ERROR:process_memory_win.cc(73)] ReadMemory at 0x7ffb494053c0 of 64 bytes failed: Only part of a ReadProcessMemory or WriteProcessMemory request was completed. (0x12B)
[0321/164339.470:ERROR:file_io_win.cc(161)] CreateFile C:\Users\ROBINC~1\AppData\Local\Temp\scoped_dir13408_693445659\Crashpad\settings.dat: The system cannot find the file specified. (0x2)
[0321/164339.470:ERROR:scoped_process_suspend.cc(40)] NtResumeProcess: An attempt was made to access an exiting process. (0xc000010a)
